[debug] [2021-11-13T07:53:48.290Z] ----------------------------------------------------------------------
[debug] [2021-11-13T07:53:48.292Z] Command:       C:\Program Files (x86)\nodejs\node.exe C:\Users\HP\AppData\Roaming\npm\node_modules\firebase-tools\lib\bin\firebase.js emulators:start
[debug] [2021-11-13T07:53:48.292Z] CLI Version:   9.22.0
[debug] [2021-11-13T07:53:48.292Z] Platform:      win32
[debug] [2021-11-13T07:53:48.292Z] Node Version:  v16.13.0
[debug] [2021-11-13T07:53:48.298Z] Time:          Sat Nov 13 2021 13:23:48 GMT+0530 (India Standard Time)
[debug] [2021-11-13T07:53:48.299Z] ----------------------------------------------------------------------
[debug] 
[debug] [2021-11-13T07:53:48.350Z] > command requires scopes: ["email","openid","https://www.googleapis.com/auth/cloudplatformprojects.readonly","https://www.googleapis.com/auth/firebase","https://www.googleapis.com/auth/cloud-platform"]
[debug] [2021-11-13T07:53:48.351Z] > authorizing via signed-in user (papribhattacharjee16@gmail.com)
[info] i  emulators: Starting emulators: hosting {"metadata":{"emulator":{"name":"hub"},"message":"Starting emulators: hosting"}}
[debug] [2021-11-13T07:53:48.384Z] [hub] writing locator at C:\Users\HP\AppData\Local\Temp\hub-itemfinder-backend.json
[debug] [2021-11-13T07:53:48.605Z] > refreshing access token with scopes: []
[debug] [2021-11-13T07:53:48.606Z] >>> HTTP REQUEST POST https://www.googleapis.com/oauth2/v3/token  
 <request body omitted>
[debug] [2021-11-13T07:53:48.763Z] <<< HTTP RESPONSE 200 {"pragma":"no-cache","date":"Sat, 13 Nov 2021 07:53:47 GMT","expires":"Mon, 01 Jan 1990 00:00:00 GMT","cache-control":"no-cache, no-store, max-age=0, must-revalidate","content-type":"application/json; charset=utf-8","vary":"X-Origin, Referer, Origin,Accept-Encoding","server":"scaffolding on HTTPServer2","x-xss-protection":"0","x-frame-options":"SAMEORIGIN","x-content-type-options":"nosniff","alt-svc":"clear","accept-ranges":"none","transfer-encoding":"chunked"}
[debug] [2021-11-13T07:53:48.786Z] >>> [apiv2][query] GET https://firebasehosting.googleapis.com/v1beta1/projects/itemfinder-backend/sites 
[debug] [2021-11-13T07:53:50.331Z] <<< [apiv2][status] GET https://firebasehosting.googleapis.com/v1beta1/projects/itemfinder-backend/sites 200
[debug] [2021-11-13T07:53:50.331Z] <<< [apiv2][body] GET https://firebasehosting.googleapis.com/v1beta1/projects/itemfinder-backend/sites {"sites":[{"name":"projects/531063605390/sites/itemfinder-backend","defaultUrl":"https://itemfinder-backend.web.app","type":"DEFAULT_SITE"}]}
[debug] [2021-11-13T07:53:50.332Z] >>> [apiv2][query] GET https://firebase.googleapis.com/v1beta1/projects/itemfinder-backend/webApps/-/config [none]
[debug] [2021-11-13T07:53:51.245Z] <<< [apiv2][status] GET https://firebase.googleapis.com/v1beta1/projects/itemfinder-backend/webApps/-/config 200
[debug] [2021-11-13T07:53:51.246Z] <<< [apiv2][body] GET https://firebase.googleapis.com/v1beta1/projects/itemfinder-backend/webApps/-/config {"projectId":"itemfinder-backend","storageBucket":"itemfinder-backend.appspot.com","apiKey":"AIzaSyDTavpM-WbimkVKLlUwlbeTbYPRTHZewf8","authDomain":"itemfinder-backend.firebaseapp.com","messagingSenderId":"531063605390"}
[info] i  hosting: Serving hosting files from: y {"metadata":{"emulator":{"name":"hosting"},"message":"Serving hosting files from: \u001b[1my\u001b[22m"}}
[info] +  hosting: Local server: http://localhost:5000 {"metadata":{"emulator":{"name":"hosting"},"message":"Local server: \u001b[4m\u001b[1mhttp://localhost:5000\u001b[22m\u001b[24m"}}
[warn] !  emulators: The Emulator UI requires a project ID to start. Configure your default project with 'firebase use' or pass the --project flag. {"metadata":{"emulator":{"name":"hub"},"message":"The Emulator UI requires a project ID to start. Configure your default project with 'firebase use' or pass the --project flag."}}
[info] 
┌─────────────────────────────────────────────────────────────┐
│ ✔  All emulators ready! It is now safe to connect your app. │
└─────────────────────────────────────────────────────────────┘

┌──────────┬────────────────┐
│ Emulator │ Host:Port      │
├──────────┼────────────────┤
│ Hosting  │ localhost:5000 │
└──────────┴────────────────┘
  Emulator Hub running at localhost:4400
  Other reserved ports: None

Issues? Report them at https://github.com/firebase/firebase-tools/issues and attach the *-debug.log files.
 
[info] i  hosting: 127.0.0.1 - - [13/Nov/2021:07:54:20 +0000] "POST /login HTTP/1.1" 200 4596 "-" "PostmanRuntime/7.28.4" {"metadata":{"emulator":{"name":"hosting"},"message":"127.0.0.1 - - [13/Nov/2021:07:54:20 +0000] \"POST /login HTTP/1.1\" 200 4596 \"-\" \"PostmanRuntime/7.28.4\""}}
[info] i  hosting: 127.0.0.1 - - [13/Nov/2021:07:59:18 +0000] "GET /myresponses/618f486e47e5064efc6737df HTTP/1.1" 200 4596 "http://localhost:3000/" "Mozilla/5.0 (Windows NT 10.0; Win64; x64) AppleWebKit/537.36 (KHTML, like Gecko) Chrome/95.0.4638.69 Safari/537.36" {"metadata":{"emulator":{"name":"hosting"},"message":"127.0.0.1 - - [13/Nov/2021:07:59:18 +0000] \"GET /myresponses/618f486e47e5064efc6737df HTTP/1.1\" 200 4596 \"http://localhost:3000/\" \"Mozilla/5.0 (Windows NT 10.0; Win64; x64) AppleWebKit/537.36 (KHTML, like Gecko) Chrome/95.0.4638.69 Safari/537.36\""}}
[info] i  hosting: 127.0.0.1 - - [13/Nov/2021:07:59:19 +0000] "GET /mylistings/618f486e47e5064efc6737df HTTP/1.1" 200 4596 "http://localhost:3000/" "Mozilla/5.0 (Windows NT 10.0; Win64; x64) AppleWebKit/537.36 (KHTML, like Gecko) Chrome/95.0.4638.69 Safari/537.36" {"metadata":{"emulator":{"name":"hosting"},"message":"127.0.0.1 - - [13/Nov/2021:07:59:19 +0000] \"GET /mylistings/618f486e47e5064efc6737df HTTP/1.1\" 200 4596 \"http://localhost:3000/\" \"Mozilla/5.0 (Windows NT 10.0; Win64; x64) AppleWebKit/537.36 (KHTML, like Gecko) Chrome/95.0.4638.69 Safari/537.36\""}}
[info] i  hosting: 127.0.0.1 - - [13/Nov/2021:07:59:36 +0000] "GET /myresponses/618f486e47e5064efc6737df HTTP/1.1" 200 4596 "http://localhost:3000/" "Mozilla/5.0 (Windows NT 10.0; Win64; x64) AppleWebKit/537.36 (KHTML, like Gecko) Chrome/95.0.4638.69 Safari/537.36" {"metadata":{"emulator":{"name":"hosting"},"message":"127.0.0.1 - - [13/Nov/2021:07:59:36 +0000] \"GET /myresponses/618f486e47e5064efc6737df HTTP/1.1\" 200 4596 \"http://localhost:3000/\" \"Mozilla/5.0 (Windows NT 10.0; Win64; x64) AppleWebKit/537.36 (KHTML, like Gecko) Chrome/95.0.4638.69 Safari/537.36\""}}
